<?xml version="1.0" encoding="UTF-8"?>
<testng-results ignored="0" total="1" passed="1" failed="0" skipped="0">
  <reporter-output>
  </reporter-output>
  <suite started-at="2024-01-16T01:16:58 IST" name="Default suite" finished-at="2024-01-16T01:17:02 IST" duration-ms="4137">
    <groups>
      <group name="cucumber">
        <method signature="AbstractTestNGCucumberTests.runScenario(io.cucumber.testng.PickleWrapper,io.cucumber.testng.FeatureWrapper)[pri:0, instance:runner.RunCuke@72e5a8e]" name="runScenario" class="io.cucumber.testng.AbstractTestNGCucumberTests"/>
      </group> <!-- cucumber -->
    </groups>
    <test started-at="2024-01-16T01:16:58 IST" name="Default test" finished-at="2024-01-16T01:17:02 IST" duration-ms="4137">
      <class name="runner.RunCuke">
        <test-method is-config="true" signature="setUpClass(org.testng.ITestContext)[pri:0, instance:runner.RunCuke@72e5a8e]" started-at="2024-01-16T01:16:58 IST" name="setUpClass" finished-at="2024-01-16T01:17:00 IST" duration-ms="2464" status="PASS">
          <params>
            <param index="0">
              <value>
                <![CDATA[org.testng.TestRunner@5e7c141d]]>
              </value>
            </param>
          </params>
          <reporter-output>
          </reporter-output>
        </test-method> <!-- setUpClass -->
        <test-method signature="runScenario(io.cucumber.testng.PickleWrapper,io.cucumber.testng.FeatureWrapper)[pri:0, instance:runner.RunCuke@72e5a8e]" started-at="2024-01-16T01:17:00 IST" name="runScenario" description="Runs Cucumber Scenarios" data-provider="scenarios" finished-at="2024-01-16T01:17:01 IST" duration-ms="563" status="PASS">
          <params>
            <param index="0">
              <value>
                <![CDATA["Login to Facebook WebSite as a user on production"]]>
              </value>
            </param>
            <param index="1">
              <value>
                <![CDATA["Login Feature - Production"]]>
              </value>
            </param>
          </params>
          <reporter-output>
          </reporter-output>
        </test-method> <!-- runScenario -->
        <test-method is-config="true" signature="tearDownClass()[pri:0, instance:runner.RunCuke@72e5a8e]" started-at="2024-01-16T01:17:01 IST" name="tearDownClass" finished-at="2024-01-16T01:17:02 IST" duration-ms="979" status="PASS">
          <reporter-output>
          </reporter-output>
        </test-method> <!-- tearDownClass -->
      </class> <!-- runner.RunCuke -->
    </test> <!-- Default test -->
  </suite> <!-- Default suite -->
</testng-results>
